**********************************************************************
* This is the complete List of usable GregTech Materials             *
**********************************************************************
    0: Empty
    1: Photon
    2: Neutrino
    3: Neutron
    4: Proton
    5: Electron
   10: Hydrogen
   11: Deuterium
   12: Tritium
   20: Helium
   21: Helium3
   30: Lithium
   31: Lithium6
   40: Beryllium
   41: Beryllium7
   42: Beryllium8
   50: Boron
   51: Boron11
   60: Carbon
   61: Carbon13
   62: Carbon14
   70: Nitrogen
   80: Oxygen
   90: Fluorine
  100: Neon
  110: Sodium
  120: Magnesium
  130: Aluminium
  140: Silicon
  150: Phosphor
  160: Sulfur
  170: Chlorine
  180: Argon
  190: Potassium
  200: Calcium
  210: Scandium
  220: Titanium
  230: Vanadium
  240: Chromium
  250: Manganese
  260: Iron
  270: Cobalt
  278: Cobalt60
  280: Nickel
  290: Copper
  300: Zinc
  310: Gallium
  320: Germanium
  330: Arsenic
  340: Selenium
  350: Bromine
  360: Krypton
  370: Rubidium
  380: Strontium
  390: Yttrium
  400: Zirconium
  410: Niobium
  420: Molybdenum
  430: Technetium
  440: Ruthenium
  450: Rhodium
  460: Palladium
  470: Silver
  480: Cadmium
  490: Indium
  500: Tin
  510: Antimony
  520: Tellurium
  530: Iodine
  540: Xenon
  550: Caesium
  560: Barium
  570: Lanthanium
  580: Cerium
  590: Praseodymium
  600: Neodymium
  610: Promethium
  620: Samarium
  630: Europium
  640: Gadolinium
  650: Terbium
  660: Dysprosium
  670: Holmium
  680: Erbium
  690: Thulium
  700: Ytterbium
  710: Lutetium
  720: Hafnium
  730: Tantalum
  740: Tungsten
  750: Rhenium
  760: OsmiumElemental
  770: Iridium
  780: Platinum
  790: Gold
  791: Gold198
  800: Mercury
  810: Thallium
  820: Lead
  830: Bismuth
  840: Polonium
  850: Astatine
  860: Radon
  870: Francium
  880: Radium
  890: Actinium
  900: Thorium
  910: Protactinium
  920: Uranium
  921: Uranium235
  922: Uranium233
  930: Neptunium
  940: Plutonium
  942: Plutonium240
  943: Plutonium241
  945: Plutonium243
  946: Plutonium238
  947: Plutonium239
  950: Americium
  951: Americium241
  952: Americium242
  960: Curium
  970: Berkelium
  980: Californium
  990: Einsteinium
 1000: Fermium
 1010: Mendelevium
 1020: Nobelium
 1030: Lawrencium
 1040: Rutherfordium
 1050: Dubnium
 1060: Seaborgium
 1070: Bohrium
 1080: Hassium
 1090: Meitnerium
 1100: Darmstadtium
 1110: Roentgenium
 1120: Copernicium
 1130: Nihonium
 1140: Flerovium
 1148: Flerovium298
 1150: Moscovium
 1160: Livermorium
 1170: Farnsium
 1180: Oganesson
 1190: Ununennium
 1200: Unbinilium
 1210: Unbiunium
 1220: Unbibium
 1230: Unbitrium
 1240: Unbiquadium
 1250: TritaniumElemental
 1260: Trinium
 1270: Unbiseptium
 1280: Unbioctium
 1290: Unbiennium
 1300: Untrinilium
 1310: Untriunium
 1320: Untribium
 1330: Untritrium
 1340: Untriquadium
 1350: Untripentium
 1360: Untrihexium
 1370: Untriseptium
 1380: Untrioctium
 1390: Untriennium
 1400: Unquadnilium
 1410: Unquadunium
 1420: Unquadbium
 1430: Unquadtrium
 1440: Unquadquadium
 1450: DuraniumElemental
 1460: Unquadhexium
 1470: Unquadseptium
 1480: Unquadoctium
 1490: Unquadennium
 1500: Unpentnilium
 1510: Unpentunium
 1520: Vibranium
 1530: Unpenttrium
 1540: Unpentquadium
 1550: Unpentpentium
 1560: Unpenthexium
 1570: Unpentseptium
 1580: AntiUnpentoctium
 1590: Unpentennium
 1600: Unhexnilium
 1610: Unhexunium
 1620: Unhexbium
 1630: Unhextrium
 1640: Unhexquadium
 1650: Unhexpentium
 1660: Unhexhexium
 1670: Unhexseptium
 1680: Unhexoctium
 1690: Unhexennium
 1700: Unseptnilium
 1710: Unseptunium
 1720: Unseptbium
 1730: Unsepttrium
 1740: Naquadah
 1741: NaquadahEnriched
 1742: Naquadria
 1750: Unseptpentium
 1760: Unsepthexium
 1770: Unseptseptium
 1780: Unseptoctium
 1790: Unseptennium
 1800: Unoctnilium
 1810: Unoctunium
 1820: Unoctbium
 1830: Unocttrium
 1840: Unoctquadium
 1850: Abyssalnite
 1860: Coralium
 1870: Dreadium
 1880: Ethaxium
 1890: Unoctennium
 1900: Unennnilium
 1910: Unennunium
 1920: Unennbium
 1930: Unenntrium
 1940: Unennquadium
 1950: Unennpentium
 1960: Unennhexium
 1970: Unennseptium
 1980: Unennoctium
 1990: Unennennium
 2000: Binilnilium
 2010: Binilunium
 2020: Binilbium
 2030: Biniltrium
 2040: Binilquadium
 2050: Binilpentium
 2060: Binilhexium
 2070: Binilseptium
 2080: Biniloctium
 2090: Binilennium
 2100: Biunnilium
 2110: Biununium
 2120: Biunbium
 2130: Biuntrium
 2140: Biunquadium
 2150: Biunpentium
 2160: Biunhexium
 2170: Biunseptium
 2180: Biunoctium
 2190: Biunennium
 2200: Bibinilium
 2210: Atlarus
 2220: Adamantium
 2230: Bibitrium
 2240: Bibiquadium
 2250: Bibipentium
 2260: Bibihexium
 2270: Bibiseptium
 2280: Bibioctium
 2290: Bibiennium
 2300: Bitrinilium
 2310: Bitriunium
 2320: Bitribium
 2330: Bitritrium
 2340: Bitriquadium
 2350: Bitripentium
 2360: Bitrihexium
 2370: Bitriseptium
 2380: Bitrioctium
 2390: MacGuffium
 2400: Biquadnilium
 2410: Biquadunium
 2420: Biquadbium
 2430: Biquadtrium
 2440: Biquadquadium
 2450: Biquadpentium
 2460: Biquadhexium
 2470: Biquadseptium
 2480: Biquadoctium
 2490: Biquadennium
 2500: Bipentnilium
 2510: Bipentunium
 2520: Bipentbium
 2530: Bipenttrium
 2540: Bipentquadium
 2550: Bipentpentium
 2560: Bipenthexium
 2570: Bipentseptium
 2580: Bipentoctium
 2590: Bipentennium
 2600: Bihexnilium
 2610: Bihexunium
 2620: Bihexbium
 2630: Bihextrium
 2640: Bihexquadium
 2650: Bihexpentium
 2660: Bihexhexium
 2670: Bihexseptium
 2680: Bihexoctium
 2690: Bihexennium
 2700: Biseptnilium
 2710: Biseptunium
 2720: Biseptbium
 2730: Bisepttrium
 2740: Biseptquadium
 2750: Biseptpentium
 2760: Bisepthexium
 2770: Biseptseptium
 2780: Biseptoctium
 2790: Biseptennium
 2800: Bioctnilium
 2810: Bioctunium
 2820: Bioctbium
 2830: Biocttrium
 2840: Bioctquadium
 2850: Bioctpentium
 2860: Biocthexium
 2870: Bioctseptium
 2880: Bioctoctium
 2890: Bioctennium
 2900: Biennnilium
 2910: Biennunium
 2920: Biennbium
 2930: Bienntrium
 2940: Biennquadium
 2950: Biennpentium
 2960: Biennhexium
 2970: Biennseptium
 2980: Biennoctium
 2990: Biennennium
 3000: Trinilnilium
 3010: Trinilunium
 3020: Trinilbium
 3030: Triniltrium
 3040: Trinilquadium
 3050: Trinilpentium
 3060: Trinilhexium
 3070: Trinilseptium
 3080: Triniloctium
 3090: Trinilennium
 3100: Triunnilium
 3110: Triununium
 3120: Triunbium
 3130: Triuntrium
 3140: Triunquadium
 3150: Triunpentium
 3160: Triunhexium
 3170: Triunseptium
 3180: Triunoctium
 3190: Triunennium
 3200: Tribinilium
 3210: Tribiunium
 3220: Tribibium
 3230: Tribitrium
 3240: Tribiquadium
 3250: Tribipentium
 3260: Tribihexium
 3270: Tribiseptium
 3280: Tribioctium
 3290: Tribiennium
 3300: Tritrinilium
 3310: Tritriunium
 3320: Tritribium
 3330: Tritritrium
 3340: Tritriquadium
 3350: Tritripentium
 3360: Tritrihexium
 3370: Tritriseptium
 3380: Tritrioctium
 3390: Tritriennium
 3400: Triquadnilium
 3410: Triquadunium
 3420: Triquadbium
 3430: Triquadtrium
 3440: Triquadquadium
 3450: Triquadpentium
 3460: Triquadhexium
 3470: Triquadseptium
 3480: Triquadoctium
 3490: Triquadennium
 3500: Tripentnilium
 3510: Tripentunium
 3520: Tripentbium
 3530: Tripenttrium
 3540: Tripentquadium
 3550: Tripentpentium
 3560: Tripenthexium
 3570: Tripentseptium
 3580: Tripentoctium
 3590: Tripentennium
 3600: Trihexnilium
 3610: Trihexunium
 3620: Trihexbium
 3630: Trihextrium
 3640: Trihexquadium
 3650: Trihexpentium
 3660: Trihexhexium
 3670: Trihexseptium
 3680: Trihexoctium
 3690: Trihexennium
 3700: Triseptnilium
 3710: Triseptunium
 3720: Gravitonium
 3730: Trisepttrium
 3740: Triseptquadium
 3750: Triseptpentium
 3760: Trisepthexium
 3770: Triseptseptium
 3780: Triseptoctium
 3790: Triseptennium
 3800: Trioctnilium
 3810: Trioctunium
 3820: Trioctbium
 3830: Triocttrium
 3840: Trioctquadium
 3850: Trioctpentium
 3860: Triocthexium
 3870: Trioctseptium
 3880: Trioctoctium
 3890: Trioctennium
 3900: Triennnilium
 3910: Triennunium
 3920: Triennbium
 3930: Trienntrium
 3940: Triennquadium
 3950: Triennpentium
 3960: Triennhexium
 3970: Triennseptium
 3980: Triennoctium
 3990: Triennennium
 4000: Magic
 4001: AntiPhoton
 4002: AntiNeutrino
 4003: AntiNeutron
 4004: AntiProton
 4005: Positron
 4010: AntiHydrogen
 4011: AntiDeuterium
 4012: AntiTritium
 4020: AntiHelium
 4021: AntiHelium3
 4030: AntiLithium
 4031: AntiLithium6
 4040: AntiBeryllium
 4050: AntiBoron
 4060: AntiCarbon
 4061: AntiCarbon13
 4062: AntiCarbon14
 4070: AntiNitrogen
 4080: AntiOxygen
 4090: AntiFluorine
 4100: AntiNeon
 4110: AntiSodium
 4120: AntiMagnesium
 4130: AntiAluminium
 4140: AntiSilicon
 4150: AntiPhosphor
 4160: AntiSulfur
 4170: AntiChlorine
 4180: AntiArgon
 4190: AntiPotassium
 4200: AntiCalcium
 4210: AntiScandium
 4220: AntiTitanium
 4230: AntiVanadium
 4240: AntiChromium
 4250: AntiManganese
 4260: AntiIron
 4270: AntiCobalt
 4278: AntiCobalt60
 4280: AntiNickel
 4290: AntiCopper
 4300: AntiZinc
 4310: AntiGallium
 4320: AntiGermanium
 4330: AntiArsenic
 4340: AntiSelenium
 4350: AntiBromine
 4360: AntiKrypton
 4370: AntiRubidium
 4380: AntiStrontium
 4390: AntiYttrium
 4400: AntiZirconium
 4410: AntiNiobium
 4420: AntiMolybdenum
 4430: AntiTechnetium
 4440: AntiRuthenium
 4450: AntiRhodium
 4460: AntiPalladium
 4470: AntiSilver
 4480: AntiCadmium
 4490: AntiIndium
 4500: AntiTin
 4510: AntiAntimony
 4520: AntiTellurium
 4530: AntiIodine
 4540: AntiXenon
 4550: AntiCaesium
 4560: AntiBarium
 4570: AntiLanthanum
 4580: AntiCerium
 4590: AntiPraseodymium
 4600: AntiNeodymium
 4610: AntiPromethium
 4620: AntiSamarium
 4630: AntiEuropium
 4640: AntiGadolinium
 4650: AntiTerbium
 4660: AntiDysprosium
 4670: AntiHolmium
 4680: AntiErbium
 4690: AntiThulium
 4700: AntiYtterbium
 4710: AntiLutetium
 4720: AntiHafnium
 4730: AntiTantalum
 4740: AntiTungsten
 4750: AntiRhenium
 4760: AntiOsmium
 4770: AntiIridium
 4780: AntiPlatinum
 4790: AntiGold
 4800: AntiMercury
 4810: AntiThallium
 4820: AntiLead
 4830: AntiBismuth
 4840: AntiPolonium
 4850: AntiAstatine
 4860: AntiRadon
 4870: AntiFrancium
 4880: AntiRadium
 4890: AntiActinium
 4900: AntiThorium
 4910: AntiProtactinium
 4920: AntiUranium
 4921: AntiUranium235
 4930: AntiNeptunium
 4940: AntiPlutonium
 4943: AntiPlutonium241
 4945: AntiPlutonium243
 4950: AntiAmericium
 4951: AntiAmericium241
 4960: AntiCurium
 4970: AntiBerkelium
 4980: AntiCalifornium
 4990: AntiEinsteinium
 5000: AntiFermium
 5010: AntiMendelevium
 5020: AntiNobelium
 5030: AntiLawrencium
 5040: AntiRutherfordium
 5050: AntiDubnium
 5060: AntiSeaborgium
 5070: AntiBohrium
 5080: AntiHassium
 5090: AntiMeitnerium
 5100: AntiDarmstadtium
 5110: AntiRoentgenium
 5120: AntiCopernicium
 5130: AntiUnuntrium
 5140: AntiFlerovium
 5148: AntiFlerovium298
 5150: AntiUnunpentium
 5160: AntiLivermorium
 5170: AntiFarnsium
 5180: AntiUnunoctium
 5190: AntiUnunennium
 5200: AntiUnbinilium
 5210: AntiUnbiunium
 5220: AntiUnbibium
 5230: AntiUnbitrium
 5240: AntiUnbiquadium
 5250: AntiUnbipentium
 5260: AntiUnbihexium
 5270: AntiUnbiseptium
 5280: AntiUnbioctium
 5290: AntiUnbiennium
 5300: AntiUntrinilium
 5310: AntiUntriunium
 5320: AntiUntribium
 5330: AntiUntritrium
 5340: AntiUntriquadium
 5350: AntiUntripentium
 5360: AntiUntrihexium
 5370: AntiUntriseptium
 5380: AntiUntrioctium
 5390: AntiUntriennium
 5400: AntiUnquadnilium
 5410: AntiUnquadunium
 5420: AntiUnquadbium
 5430: AntiUnquadtrium
 5440: AntiUnquadquadium
 5450: AntiUnquadpentium
 5460: AntiUnquadhexium
 5470: AntiUnquadseptium
 5480: AntiUnquadoctium
 5490: AntiUnquadennium
 5500: AntiUnpentnilium
 5510: AntiUnpentunium
 5520: AntiVibranium
 5530: AntiUnpenttrium
 5540: AntiUnpentquadium
 5550: AntiUnpentpentium
 5560: AntiUnpenthexium
 5570: AntiUnpentseptium
 5590: AntiUnpentennium
 5600: AntiUnhexnilium
 5610: AntiUnhexunium
 5620: AntiUnhexbium
 5630: AntiUnhextrium
 5640: AntiUnhexquadium
 5650: AntiUnhexpentium
 5660: AntiUnhexhexium
 5670: AntiUnhexseptium
 5680: AntiUnhexoctium
 5690: AntiUnhexennium
 5700: AntiUnseptnilium
 5710: AntiUnseptunium
 5720: AntiUnseptbium
 5730: AntiUnsepttrium
 5740: AntiNaquadah
 5741: AntiNaquadahEnriched
 5742: AntiNaquadria
 5750: AntiUnseptpentium
 5760: AntiUnsepthexium
 5770: AntiUnseptseptium
 5780: AntiUnseptoctium
 5790: AntiUnseptennium
 5800: AntiUnoctnilium
 5810: AntiUnoctunium
 5820: AntiUnoctbium
 5830: AntiUnocttrium
 5840: AntiUnoctquadium
 5850: AntiUnoctpentium
 5860: AntiUnocthexium
 5870: AntiUnoctseptium
 5880: AntiUnoctoctium
 5890: AntiUnoctennium
 5900: AntiUnennilium
 5910: AntiUnennunium
 5920: AntiUnennbium
 5930: AntiUnenntrium
 5940: AntiUnennquadium
 5950: AntiUnennpentium
 5960: AntiUnennhexium
 5970: AntiUnennseptium
 5980: AntiUnennoctium
 5990: AntiUnennennium
 6000: AntiBinilnilium
 6010: AntiBinilunium
 6020: AntiBinilbium
 6030: AntiBiniltrium
 6040: AntiBinilquadium
 6050: AntiBinilpentium
 6060: AntiBinilhexium
 6070: AntiBinilseptium
 6080: AntiBiniloctium
 6090: AntiBinilennium
 6100: AntiBiunnilium
 6110: AntiBiununium
 6120: AntiBiunbium
 6130: AntiBiuntrium
 6140: AntiBiunquadium
 6150: AntiBiunpentium
 6160: AntiBiunhexium
 6170: AntiBiunseptium
 6180: AntiBiunoctium
 6190: AntiBiunennium
 6200: AntiBibinilium
 6210: AntiBibiunium
 6220: AntiAdamantium
 6230: AntiBibitrium
 6240: AntiBibiquadium
 6250: AntiBibipentium
 6260: AntiBibihexium
 6270: AntiBibiseptium
 6280: AntiBibioctium
 6290: AntiBibiennium
 6300: AntiBitrinilium
 6310: AntiBitriunium
 6320: AntiBitribium
 6330: AntiBitritrium
 6340: AntiBitriquadium
 6350: AntiBitripentium
 6360: AntiBitrihexium
 6370: AntiBitriseptium
 6380: AntiBitrioctium
 6390: AntiMacGuffium
 6400: AntiBiquadnilium
 6410: AntiBiquadunium
 6420: AntiBiquadbium
 6430: AntiBiquadtrium
 6440: AntiBiquadquadium
 6450: AntiBiquadpentium
 6460: AntiBiquadhexium
 6470: AntiBiquadseptium
 6480: AntiBiquadoctium
 6490: AntiBiquadennium
 6500: AntiBipentnilium
 6510: AntiBipentunium
 6520: AntiBipentbium
 6530: AntiBipenttrium
 6540: AntiBipentquadium
 6550: AntiBipentpentium
 6560: AntiBipenthexium
 6570: AntiBipentseptium
 6580: AntiBipentoctium
 6590: AntiBipentennium
 6600: AntiBihexnilium
 6610: AntiBihexunium
 6620: AntiBihexbium
 6630: AntiBihextrium
 6640: AntiBihexquadium
 6650: AntiBihexpentium
 6660: AntiBihexhexium
 6670: AntiBihexseptium
 6680: AntiBihexoctium
 6690: AntiBihexennium
 6700: AntiBiseptnilium
 6710: AntiBiseptunium
 6720: AntiBiseptbium
 6730: AntiBisepttrium
 6740: AntiBiseptquadium
 6750: AntiBiseptpentium
 6760: AntiBisepthexium
 6770: AntiBiseptseptium
 6780: AntiBiseptoctium
 6790: AntiBiseptennium
 6800: AntiBioctnilium
 6810: AntiBioctunium
 6820: AntiBioctbium
 6830: AntiBiocttrium
 6840: AntiBioctquadium
 6850: AntiBioctpentium
 6860: AntiBiocthexium
 6870: AntiBioctseptium
 6880: AntiBioctoctium
 6890: AntiBioctennium
 6900: AntiBiennilium
 6910: AntiBiennunium
 6920: AntiBiennbium
 6930: AntiBienntrium
 6940: AntiBiennquadium
 6950: AntiBiennpentium
 6960: AntiBiennhexium
 6970: AntiBiennseptium
 6980: AntiBiennoctium
 6990: AntiBiennennium
 7000: AntiTrinilnilium
 7010: AntiTrinilunium
 7020: AntiTrinilbium
 7030: AntiTriniltrium
 7040: AntiTrinilquadium
 7050: AntiTrinilpentium
 7060: AntiTrinilhexium
 7070: AntiTrinilseptium
 7080: AntiTriniloctium
 7090: AntiTrinilennium
 7100: AntiTriunnilium
 7110: AntiTriununium
 7120: AntiTriunbium
 7130: AntiTriuntrium
 7140: AntiTriunquadium
 7150: AntiTriunpentium
 7160: AntiTriunhexium
 7170: AntiTriunseptium
 7180: AntiTriunoctium
 7190: AntiTriunennium
 7200: AntiTribinilium
 7210: AntiTribiunium
 7220: AntiTribibium
 7230: AntiTribitrium
 7240: AntiTribiquadium
 7250: AntiTribipentium
 7260: AntiTribihexium
 7270: AntiTribiseptium
 7280: AntiTribioctium
 7290: AntiTribiennium
 7300: AntiTritrinilium
 7310: AntiTritriunium
 7320: AntiTritribium
 7330: AntiTritritrium
 7340: AntiTritriquadium
 7350: AntiTritripentium
 7360: AntiTritrihexium
 7370: AntiTritriseptium
 7380: AntiTritrioctium
 7390: AntiTritriennium
 7400: AntiTriquadnilium
 7410: AntiTriquadunium
 7420: AntiTriquadbium
 7430: AntiTriquadtrium
 7440: AntiTriquadquadium
 7450: AntiTriquadpentium
 7460: AntiTriquadhexium
 7470: AntiTriquadseptium
 7480: AntiTriquadoctium
 7490: AntiTriquadennium
 7500: AntiTripentnilium
 7510: AntiTripentunium
 7520: AntiTripentbium
 7530: AntiTripenttrium
 7540: AntiTripentquadium
 7550: AntiTripentpentium
 7560: AntiTripenthexium
 7570: AntiTripentseptium
 7580: AntiTripentoctium
 7590: AntiTripentennium
 7600: AntiTrihexnilium
 7610: AntiTrihexunium
 7620: AntiTrihexbium
 7630: AntiTrihextrium
 7640: AntiTrihexquadium
 7650: AntiTrihexpentium
 7660: AntiTrihexhexium
 7670: AntiTrihexseptium
 7680: AntiTrihexoctium
 7690: AntiTrihexennium
 7700: AntiTriseptnilium
 7710: AntiTriseptunium
 7720: AntiGravitonium
 7730: AntiTrisepttrium
 7740: AntiTriseptquadium
 7750: AntiTriseptpentium
 7760: AntiTrisepthexium
 7770: AntiTriseptseptium
 7780: AntiTriseptoctium
 7790: AntiTriseptennium
 7800: AntiTrioctnilium
 7810: AntiTrioctunium
 7820: AntiTrioctbium
 7830: AntiTriocttrium
 7840: AntiTrioctquadium
 7850: AntiTrioctpentium
 7860: AntiTriocthexium
 7870: AntiTrioctseptium
 7880: AntiTrioctoctium
 7890: AntiTrioctennium
 7900: AntiTriennilium
 7910: AntiTriennunium
 7920: AntiTriennbium
 7930: AntiTrienntrium
 7940: AntiTriennquadium
 7950: AntiTriennpentium
 7960: AntiTriennhexium
 7970: AntiTriennseptium
 7980: AntiTriennoctium
 7990: AntiTriennennium
 8000: SiliconDioxide
 8001: Glass
 8002: Flint
 8003: Carborundum
 8004: LithiumOxide
 8005: Ferrite
 8006: Datolite
 8007: HydrogenBorate
 8008: Alumina
 8009: Cryolite
 8010: AluminiumFluoride
 8011: HexafluorosilicicAcid
 8012: SodiumAluminate
 8013: SodiumCarbonate
 8014: AluminiumHydroxide
 8015: PotassiumHydroxide
 8016: MagnesiumCarbonate
 8017: FerricChloride
 8018: MagnesiumChloride
 8019: SodiumNitrate
 8020: PotassiumCarbonate
 8021: PotassiumSulfite
 8022: PotassiumPersulfate
 8023: PotassiumAluminate
 8024: HydrosulfuricAcid
 8025: Ammonia
 8026: TungstenTrioxide
 8027: TungsticAcid
 8028: CalciumChloride
 8029: LithiumChloride
 8030: FerrousChloride
 8031: ManganeseChloride
 8032: LithiumHydroxide
 8033: LithiumChlorate
 8034: LithiumPerchlorate
 8035: FerricOxyhydroxide
 8036: PotassiumFluoride
 8037: SodiumFluoride
 8038: PotassiumHeptafluorotantalate
 8100: Sand
 8101: Soulsand
 8102: SluiceSand
 8103: PlatinumGroupSludge
 8104: RedSand
 8105: EndSand
 8200: Ashes
 8201: DarkAshes
 8202: VolcanicAshes
 8203: RockSalt
 8204: Salt
 8205: PotassiumNitrate
 8206: Niter
 8207: Phosphate
 8208: Phosphorus
 8209: Apatite
 8210: Blizz
 8211: Blaze
 8212: Pyrotheum
 8213: Cryotheum
 8214: Obsidian
 8215: Clay
 8216: Paper
 8217: Rubber
 8218: Plastic
 8219: Bone
 8220: Gunpowder
 8221: Wood
 8222: WoodTreated
 8223: LiveRoot
 8224: WoodRubber
 8225: Ceramic
 8226: Phosphorite
 8227: PeanutWood
 8228: Indigo
 8229: CobaltHexahydrate
 8230: SodiumBisulfate
 8231: SodiumPyrosulfate
 8232: PotassiumBisulfate
 8233: PotassiumPyrosulfate
 8234: VanadiumPentoxide
 8235: Wax
 8236: WaxBee
 8237: WaxRefractory
 8238: WaxParaffin
 8239: WaxPlant
 8240: WaxMagic
 8241: Leather
 8242: IodineSalt
 8243: SilverIodide
 8244: Tallow
 8245: Petrotheum
 8246: Aerotheum
 8247: Basalz
 8248: Blitz
 8249: Dynamite
 8250: Black
 8251: Red
 8252: Green
 8253: Brown
 8254: Blue
 8255: Purple
 8256: Cyan
 8257: LightGray
 8258: Gray
 8259: Pink
 8260: Lime
 8261: Yellow
 8262: LightBlue
 8263: Magenta
 8264: Orange
 8265: White
 8266: Asphalt
 8267: WoodPolished
 8268: SodiumHydroxide
 8269: SodiumSulfite
 8270: SodiumSulfate
 8271: PotassiumSulfate
 8272: PotassiumSulfide
 8273: Porcelain
 8274: CalciumSulfate
 8275: Bark
 8276: ClayBrown
 8277: PetrifiedWood
 8278: ManaDiamond
 8279: ElvenDragonstone
 8280: WaxAmnesic
 8281: WaxSoulful
 8282: CrimsonMiddle
 8283: GreenMiddle
 8284: AquaMiddle
 8285: Valonite
 8286: Weedwood
 8287: SlimyBone
 8288: Scabyst
 8289: Livingwood
 8290: Dreamwood
 8291: Skyroot
 8292: Zanite
 8293: Ambrosium
 8294: Gravitite
 8295: Continuum
 8296: Greatwood
 8297: Silverwood
 8298: EnergiumRed
 8299: EnergiumCyan
 8300: Diamond
 8301: Emerald
 8302: Ruby
 8303: BalasRuby
 8304: Sapphire
 8305: GreenSapphire
 8306: Topaz
 8307: BlueTopaz
 8308: Tanzanite
 8309: RedJasper
 8310: Amber
 8311: Olivine
 8312: Opal
 8313: Amethyst
 8314: OrangeSapphire
 8315: YellowSapphire
 8316: Vinteum
 8317: Dilithium
 8318: EnderPearl
 8319: EnderEye
 8320: NetherStar
 8321: Jade
 8322: Craponite
 8323: Aquamarine
 8324: Morganite
 8325: Dioptase
 8326: Spinel
 8327: VinteumPurified
 8328: BlueSapphire
 8329: AmethystEnder
 8330: Lazurite
 8331: Sodalite
 8332: Lapis
 8333: Redstone
 8334: Coal
 8335: HydratedCoal
 8336: Charcoal
 8337: Lignite
 8338: Monazite
 8340: Nikolite
 8340: Nikolite
 8341: Glowstone
 8342: Firestone
 8343: Force
 8344: Forcicium
 8345: Forcillium
 8346: NetherQuartz
 8347: CertusQuartz
 8348: ChargedCertusQuartz
 8349: CoalCoke
 8350: InfusedDull
 8351: InfusedVis
 8352: InfusedAir
 8353: InfusedFire
 8354: InfusedEarth
 8355: InfusedWater
 8356: InfusedEntropy
 8357: InfusedOrder
 8358: InfusedBalance
 8340: Nikolite
 8360: Peat
 8361: PeatBituminous
 8362: Anthracite
 8363: Prismane
 8364: Lonsdaleite
 8365: LigniteCoke
 8366: ArcaneCompound
 8367: ArcaneAshes
 8368: GlowstoneCeres
 8369: GlowstoneIo
 8370: GlowstoneEnceladus
 8371: GlowstoneProteus
 8372: GlowstonePluto
 8373: Ectoplasm
 8374: QuartzBlack
 8375: Redstonia
 8376: Palis
 8377: Diamantine
 8378: VoidCrystal
 8379: Emeradic
 8380: Enori
 8381: DarkMatter
 8382: RedMatter
 8383: PurpleSapphire
 8384: Heliodor
 8385: Goshenite
 8386: Bixbite
 8387: Maxixe
 8388: Alexandrite
 8389: Fluix
 8390: PetroleumCoke
 8391: Frezarite
 8392: RedMeteor
 8393: SunnyQuartz
 8394: LavenderQuartz
 8395: RedQuartz
 8396: BlazeQuartz
 8397: SmokeyQuartz
 8398: ManaQuartz
 8399: ElvenQuartz
 8400: ChloroauricAcid
 8401: ChloroplatinicAcid
 8402: StannicChloride
 8403: BlackVitriol
 8404: BlueVitriol
 8405: GreenVitriol
 8406: RedVitriol
 8407: PinkVitriol
 8408: CyanVitriol
 8409: WhiteVitriol
 8410: GrayVitriol
 8411: MartianVitriol
 8412: VitriolOfClay
 8413: TitaniumTetrachloride
 8414: Shimmerwood
 8415: OnyxRed
 8416: OnyxBlack
 8417: Amazonite
 8418: Bamboo
 8419: Zircon
 8420: Azurite
 8421: Eudialyte
 8422: DominicanAmber
 8423: DiamondIndustrial
 8424: PinkDiamond
 8425: OceanJasper
 8426: RainforestJasper
 8427: BlueJasper
 8428: GreenJasper
 8429: YellowJasper
 8430: TigerEye
 8431: CatsEye
 8432: DragonEye
 8433: HawksEye
 8434: BlackEye
 8435: TigerIron
 8436: RedFluorite
 8437: PinkFluorite
 8438: BlueFluorite
 8439: GreenFluorite
 8440: BlackFluorite
 8441: WhiteFluorite
 8442: YellowFluorite
 8443: OrangeFluorite
 8444: MagentaFluorite
 8445: MilkyQuartz
 8446: BrownAventurine
 8447: YellowAventurine
 8448: GreenAventurine
 8449: BlackAventurine
 8450: BlueAventurine
 8451: RedAventurine
 8452: Moonstone
 8453: Sunstone
 8454: Chimerite
 8455: ClayRed
 8456: Gloomstone
 8457: VoidQuartz
 8458: BluePhosphorus
 8459: RedPhosphorus
 8460: WhitePhosphorus
 8461: NiobiumPentoxide
 8462: TantalumPentoxide
 8463: Sugilite
 8464: BlueDiamond
 8465: GreenDiamond
 8466: PurpleDiamond
 8467: RedDiamond
 8468: YellowDiamond
 8500: Stone
 8501: Concrete
 8502: Netherrack
 8503: NetherBrick
 8504: Endstone
 8505: Basalt
 8506: Marble
 8507: GraniteRed
 8508: GraniteBlack
 8509: Redrock
 8500: Stone
 8511: Diorite
 8512: SpaceStone
 8513: MoonStone
 8514: MoonTurf
 8515: MarsStone
 8516: MarsSand
 8517: Umber
 8518: Granite
 8519: Betweenstone
 8520: Pitstone
 8521: Livingrock
 8522: Holystone
 8523: Deadrock
 8599: Bedrock
 8600: Electrum
 8601: SterlingSilver
 8602: RoseGold
 8603: Angmallen
 8604: GoldInductive
 8605: CdInAgAlloy
 8606: GildedIron
 8610: Bronze
 8611: BlackBronze
 8612: BismuthBronze
 8613: Hepatizon
 8620: Brass
 8621: CobaltBrass
 8622: AluminiumAlloy
 8630: Steel
 8631: BlackSteel
 8632: BlueSteel
 8633: RedSteel
 8634: DamascusSteel
 8635: Tungstensteel
 8636: StainlessSteel
 8637: HSLASteel
 8638: TungstenCarbide
 8639: HSLASpringSteel
 8640: AnnealedCopper
 8641: DeepIron
 8642: PigIron
 8643: WroughtIron
 8644: IronCompressed
 8645: IronMagnetic
 8646: SteelMagnetic
 8647: NeodymiumMagnetic
 8648: DarkIron
 8649: MeteoricIron
 8650: MeteoricSteel
 8651: SteelGalvanized
 8652: TungstenSintered
 8653: VanadiumSteel
 8654: TitaniumGold
 8657: PurpleAlloy
 8658: ElectrotineAlloy
 8659: BlueAlloy
 8660: RedAlloy
 8661: Invar
 8662: Constantan
 8663: Nichrome
 8664: Kanthal
 8665: Magnalium
 8666: Ultimet
 8667: TinAlloy
 8668: BatteryAlloy
 8669: SolderingAlloy
 8670: ShadowIron
 8671: ShadowSteel
 8672: Ironwood
 8673: Steeleaf
 8674: Knightmetal
 8675: FierySteel
 8676: AstralSilver
 8677: Midasium
 8678: Mithril
 8679: Thaumium
 8680: DarkThaumium
 8681: VoidMetal
 8682: Osmiridium
 8683: Sunnarium
 8684: Trinaquadalloy
 8685: ChromiumDioxide
 8686: VanadiumGallium
 8687: YttriumBariumCuprate
 8688: NiobiumNitride
 8689: NiobiumTitanium
 8690: MeteoricBlackSteel
 8691: MeteoricBlueSteel
 8692: MeteoricRedSteel
 8700: AluminiumBrass
 8701: Aredrite
 8702: Alumite
 8703: Manyullyn
 8704: VibraniumSteel
 8705: VibraniumSilver
 8706: Vibramantium
 8707: Ardite
 8708: Signalum
 8709: Lumium
 8710: Enderium
 8711: ElectrumFlux
 8713: GlowstoneRefined
 8714: ObsidianRefined
 8715: Yellorium
 8716: Blutonium
 8717: Cyanite
 8718: BedrockHSLAAlloy
  320: Germanium
 8720: Manasteel
 8721: Terrasteel
 8722: ElvenElementium
 8723: Ludicrite
 8724: Yellorite
 8725: PulsatingIron
 8726: VibrantAlloy
 8727: ConductiveIron
 8728: EnergeticAlloy
 8729: EnderiumBase
 8730: ElectricalSteel
 8731: ObsidianSteel
 8732: Soularium
 8733: RedstoneAlloy
 8734: SpectreIron
 8735: GaiaSpirit
 8736: Endium
 8737: NikolineAlloy
 8737: NikolineAlloy
 8739: Mauftrium
 8740: Elvorium
 8741: NiflheimPower
 8742: MuspelheimPower
 8743: Iffesal
 8744: AncientDebris
 8745: Netherite
 8746: NetherizedDiamond
 8747: Efrine
 8750: Desh
 8751: Duranium
 8752: Tritanium
 8753: Dolamide
 8754: Oriharukon
 8755: Adamantite
 8756: Duralumin
 8757: Meteorite
 8758: FrozenIron
 8759: Kreknorite
 8760: Alduorite
 8761: Infuscolium
 8762: Rubracium
 8763: Meutoite
 8764: Lemurite
 8765: Ceruclase
 8766: HSLATungstenAlloy
 8767: Oureclase
 8768: Kalendrite
 8769: Orichalcum
 8770: Carmot
 8771: Sanguinite
 8772: Vyroxeres
 8773: Eximite
 8774: Prometheum
 8775: Ignatius
 8776: Vulcanite
 8777: Inolashite
 8778: Haderoth
 8779: Celenegil
 8780: WorkersAlloy
 8781: Desichalkos
 8782: Tartarite
 8783: Amordrine
 8784: Adamantine
 8785: Syrmorite
 8786: Octine
 8790: Trinitanium
 8791: Draconium
 8792: DraconiumAwakened
 8793: TitaniumIridium
 8794: TitaniumAluminide
 8795: Bedrockium
 8796: HSSG
 8797: HSSE
 8798: HSSS
 8799: CrystalMatrix
 8800: CosmicNeutronium
 8801: Infinity
 8802: TantalumHafniumCarbide
 8803: CastIron
 8804: Mingrade
 8805: Unstable
 8806: ClayCompound
 8807: EndSteel
 8808: EnergeticSilver
 8809: MelodicAlloy
 8810: StellarAlloy
 8811: VividAlloy
 8812: CrystallineAlloy
 8813: CrystallinePinkSlime
 9000: Pumice
 9001: Diatomite
 9003: BasalticMineralSand
 9004: GraniticMineralSand
 9005: GarnetSand
 9006: QuartzSand
 9007: UraniumTetrafluoride
 9008: UraniumHexafluoride
 9009: Uranium238Tetrafluoride
 9010: Uranium238Hexafluoride
 9011: Uranium235Tetrafluoride
 9012: Uranium235Hexafluoride
 9100: RareEarth
 9101: Almandine
 9102: Andradite
 9103: Asbestos
 9104: Hematite
 9105: Bauxite
 9106: BrownLimonite
 9107: Calcite
 9108: Cassiterite
 9109: Realgar
 9110: Celestine
 9111: Chalcopyrite
 9112: Chalk
 9113: Chromite
 9114: Cinnabar
 9115: Cobaltite
 9116: Cooperite
 9117: Galena
 9118: Garnierite
 9119: Grossular
 9120: Ilmenite
 8016: MagnesiumCarbonate
 9122: Magnetite
 9123: Molybdenite
 9124: Powellite
 9125: Pyrite
 9126: Pyrolusite
 9127: Pyrope
 9128: Scheelite
 9129: Spessartine
 9130: Sphalerite
 9131: Stibnite
 9132: Tetrahedrite
 9133: Tungstate
 9134: Uraninite
 9135: Uvarovite
 9136: Wulfenite
 9137: YellowLimonite
 9138: Perlite
 9139: Borax
 9140: PotassiumFeldspar
 9141: Biotite
 9103: Asbestos
 9143: VanadiumMagnetite
 9144: Bastnasite
 9145: Pentlandite
 9146: Spodumene
 9147: Pollucite
 9148: Tantalite
 9149: Lepidolite
 9150: Glauconite
 9150: Glauconite
 9152: Vermiculite
 9153: Bentonite
 9154: Palygorskite
 9155: Pitchblende
 9156: Malachite
 9157: Mirabilite
 9158: Mica
 9159: Trona
 9160: Barite
 9161: Gypsum
 9162: Alunite
 9163: Dolomite
 9164: Wollastonite
 9165: Zeolite
 9166: Kyanite
 9167: Kaolinite
 9169: Talc
 9169: Talc
 9170: Gneiss
 9171: Greenschist
 9172: Greenstone
 9173: Greywacke
 9174: Graphite
 9175: Graphene
 9176: Gabbro
 9177: Komatiite
 9178: Siltstone
 9179: Rhyolite
 9180: Quartzite
 9181: Migmatite
 9182: Epidote
 9183: Emery
 9184: Blueschist
 9185: Bluestone
 9186: Chert
 9187: Dacite
 9188: Andesite
 9189: Limestone
 9190: Shale
 9191: Eclogite
 9192: Rutile
 9193: Stolzite
 9194: Ferberite
 9195: Huebnerite
 9196: Russellite
 9197: Pinalite
 9198: DiduraniumTrioxide
 9199: DuraniumHexafluoride
 9200: DuraniumHexachloride
 9201: DuraniumHexabromide
 9202: DuraniumHexaiodide
 9203: DuraniumHexaastatide
 9204: TritaniumDioxide
 9205: TritaniumHexafluoride
 9206: TritaniumHexachloride
 9207: TritaniumHexabromide
 9208: TritaniumHexaiodide
 9209: TritaniumHexaastatide
 9210: Bromargyrite
 9211: Smithsonite
 9212: Sperrylite
 9213: Kesterite
 9214: Stannite
 9215: Fluorite
 9216: Arsenopyrite
 9217: Wolframite
 9218: Kimberlite
 9219: Prismarine
 9220: PrismarineDark
 9221: Bischofite
 9222: Slate
 9223: Blackstone
 9224: HexoriumBlack
 9225: HexoriumRed
 9226: HexoriumGreen
 9228: HexoriumBlue
 9239: HexoriumWhite
 9243: ClayBrick
 9244: Grayschist
 9245: Pinkschist
 9246: Columbite
 9247: Coltan
 9248: Deepslate
 9249: PhobosRock
 9250: DeimosRock
 9251: VenusRock
 9252: MercuryRock
 9253: CeresRock
 9254: JupiterRock
 9255: IoRock
 9256: EuropaRock
 9257: GanymedeRock
 9258: CallistoRock
 9259: SaturnRock
 9260: RheaRock
 9261: TitanRock
 9262: OberonRock
 9263: IapetusRock
 9264: UranusRock
 9265: TitaniaRock
 9266: NeptuneRock
 9267: TritonRock
 9268: PlutoRock
 9269: ErisRock
 9270: Kepler22bRock
 9271: Quicklime
 9300: Oak
 9301: Birch
 9302: Spruce
 9303: Junglewood
 9304: Acacia
 9305: DarkOak
 9306: Crimsonwood
 9307: Warpedwood
 9308: WoodCompressed
 9309: WoodDead
 9310: WoodRotten
 9311: WoodMossy
 9312: WoodFrozen
 9313: Maple
 9314: Willow
 9315: BlueMahoe
 9316: Hazel
 9317: Cinnamonwood
 9318: Coconutwood
 9319: Rainbowood
 9320: Towerwood
 9321: Witchwood
 9322: Ogrewood
 9323: Wyvernwood
 9324: Aspen
 9325: DouglasFir
 9326: Sycamore
 9327: WhiteCedar
 9328: WhiteElm
 9329: Thorntree
 9330: SilverPine
 9331: Alder
 9332: Hawthorn
 9333: Rowan
 9334: Autumnwood
 9335: Pine
 9336: Cypress
 9337: Fir
 9338: JapaneseMaple
 9339: RainbowEucalyptus
 9340: Redwood
 9341: Sakura
 9342: Balsa
 9343: Baobab
 9344: Cherrywood
 9345: Chestnutwood
 9346: Citruswood
 9347: Cocobolowood
 9348: Ebony
 9349: Giganteumwood
 9350: Greenheart
 9351: Ipe
 9352: Kapok
 9353: Larch
 9354: Limewood
 9355: Mahoe
 9356: Mahogany
 9357: Padauk
 9358: Palm
 9359: Papayawood
 9360: Plumwood
 9361: Poplar
 9362: Sequoia
 9363: Teak
 9364: Walnutwood
 9365: Wenge
 9366: Zebrawood
 9367: Darkwood
 9368: Etherealwood
 9369: Goldwood
 9370: Hellbark
 9371: Jacaranda
 9372: Mangrove
 9373: SacredOak
 9374: Magicwood
 9375: Applewood
 9376: Ashwood
 9377: Beech
 9378: Boxwood
 9379: Brazilwood
 9380: Butternutwood
 9381: Cedar
 9382: Elderwood
 9383: Elm
 9384: Eucalyptus
 9385: Figwood
 9386: Gingko
 9387: Hemlock
 9388: Hickory
 9389: Holly
 9390: Hornbeam
 9391: Iroko
 9392: Locust
 9393: Logwood
 9394: Maclura
 9395: Olivewood
 9396: Pearwood
 9397: PinkIvory
 9398: Purpleheart
 9399: Rosewood
 9400: Sweetgum
 9401: Syzgium
 9402: Whitebeam
 9403: Yew
 9404: WoodScorched
 9405: WoodVarnished
 9406: WoodTainted
 9407: WoodBleached
 9408: Foxfirewood
 9409: BlueSpruce
 9700: MeatRaw
 9701: MeatCooked
 9702: Wheat
 9703: Sugar
 9704: Barley
 9705: Rye
 9706: Rice
 9707: Oat
 9708: Corn
 9709: Potato
 9710: MeatRotten
 9711: FishCooked
 9712: FishRaw
 9713: FishRotten
 9714: Almond
 9715: Marshmallow
 9716: PEZ
 9717: Licorice
 9718: Nougat
 9719: AbyssalOat
 9778: Tofu
 9779: SoylentGreen
 9780: Cheese
 9781: Chili
 9782: Cocoa
 9783: Chocolate
 9784: Coffee
 9785: Cinnamon
 9786: Nutmeg
 9787: Vanilla
 9788: PepperBlack
 9789: Curry
 9790: Milk
 9791: Honey
 9792: Tea
 9793: Honeydew
 9794: Mint
 9795: Peanut
 9796: Hazelnut
 9797: Pistachio
 9798: Butter
 9799: SaltedButter
 9800: Water
 9801: Snow
 9802: Ice
 9803: FreshWater
 9804: Saltwater
 9805: HolyWater
 9806: SeaWater
 9807: WaterDirty
 9808: WaterDistilled
 9809: HydrogenPeroxide
 9810: Lava
 9811: SemiheavyWater
 9812: HeavyWater
 9813: TritiatedWater
 9814: Steam
 9820: NitroCarbon
 9821: Glyceryl
 9822: SodiumPersulfate
 9823: SodiumSulfide
 9824: SulfuricAcid
 9825: NitricAcid
 9826: HydrochloricAcid
 9827: AquaRegia
 9828: Glycerol
 9829: HydrogenFluoride
 9830: Air
 9831: NitrogenDioxide
 9832: Methane
 9833: MethaneIce
 9834: SulfurDioxide
 9835: SulfurTrioxide
 9836: CarbonDioxide
 9837: NitrogenMonoxide
 9838: CarbonMonoxide
 9839: HeliumNeon
 9840: Biomass
 9841: BioFuel
 9842: Ethanol
 9843: CarbonTrioxide
 9844: DisulfuricAcid
 9850: Oil
 9851: OilSand
 9852: CrudeOil
 9853: OilShale
 9860: Fuel
 9861: NitroFuel
 9862: Kerosine
 9863: Diesel
 9864: Petrol
 9865: Propane
 9866: Butane
 9867: Propylene
 9868: Ethylene
 9870: Creosote
 9871: FishOil
 9872: SeedOil
 9873: HempOil
 9874: LinOil
 9875: SunflowerOil
 9876: NutOil
 9877: OliveOil
 9880: FryingOilHot
 9881: Glue
 9882: Lubricant
 9883: ConstructionFoam
 9884: UUAmplifier
 9885: UUMatter
 9886: Latex
 9887: WhaleOil
